

Version:	3.50
CmdLine:	D:\bamboo-hole-detection\bamboo.exe --l4j-debug
JNI:		No
WOW64:		Yes
Requires JDK:	No
Requires 64-Bit: No
Java min ver:	1.008.000
Java max ver:	
Substitute:	JAVA_HOME = 
Substitute:	PATH = C:\Program Files\NVIDIA GPU Computing Toolkit\CUDA\v11.3\bin;C:\Program Files\NVIDIA GPU Computing Toolkit\CUDA\v11.3\libnvvp;C:\Program Files\Common Files\Oracle\Java\javapath;C:\Program Files\NVIDIA GPU Computing Toolkit\CUDA\v11.8\bin;C:\Program Files\NVIDIA GPU Computing Toolkit\CUDA\v11.8\libnvvp;C:\Program Files\NVIDIA GPU Computing Toolkit\CUDA\v11.8\lib;C:\Program Files\NVIDIA GPU Computing Toolkit\CUDA\v11.8\include;C:\Program Files\NVIDIA\CUDNN\v9.0\bin;F:\ANC\Scripts;C:\Program Files (x86)\Common Files\Oracle\Java\javapath;D:\VM\bin\;C:\Program Files (x86)\Common Files\Intel\Shared Files\cpp\bin\Intel64;C:\Windows\system32;C:\Windows;C:\Windows\System32\Wbem;C:\Windows\System32\WindowsPowerShell\v1.0\;C:\Windows\System32\OpenSSH\;C:\Program Files\Microsoft SQL Server\150\Tools\Binn\;C:\Program Files (x86)\HP\Common\HPDestPlgIn\;C:\Program Files\Microsoft SQL Server\110\Tools\Binn\;C:\Program Files\Microsoft\Web Platform Installer\;C:\Program Files (x86)\NVIDIA Corporation\PhysX\Common;D:\Microsoft VS Code\mingw64\bin;C:\Program Files\dotnet\;C:\Program Files\Git\cmd;C:\Program Files\Docker\Docker\resources\bin;D;D:\putty\;D:\Matlab2018a\runtime\win64;D:\Matlab2018a\bin;F:\LINGO9\;C:\Program Files (x86)\STMicroelectronics\STM32 ST-LINK Utility\ST-LINK Utility;C:\Program Files\CMake\bin;C:\Program Files\NVIDIA Corporation\NVIDIA app\NvDLISR;C:\Program Files\Pandoc\;D:\mingw64\bin;C:\Program Files\NVIDIA Corporation\Nsight Compute 2021.1.0\;C:\Program Files\MySQL\MySQL Shell 8.0\bin\;F:\Anaconda;F:\Anaconda\Library\mingw-w64\bin;F:\Anaconda\Library\usr\bin;F:\Anaconda\Library\bin;F:\Anaconda\Scripts;C:\Users\Admin.DESKTOP-CFKNI18\AppData\Local\Programs\Python\Python38\Scripts\;C:\Users\Admin.DESKTOP-CFKNI18\AppData\Local\Programs\Python\Python38\;C:\Users\Admin.DESKTOP-CFKNI18\AppData\Local\Microsoft\WindowsApps;C:\Program Files (x86)\HP\Common\HPDestPlgIn\;D:\Microsoft VS Code\bin;C:\Users\Admin.DESKTOP-CFKNI18\.dotnet\tools;G:\PyCharm 2023.3.5\bin;;D:\texlive\2017\bin\win32;E:\IntelliJ IDEA Community Edition 2024.3.2\bin;;G:\IntelliJ IDEA 2024.3.3\bin;;D:\Graphviz\bin;C:\Program Files\Java\jre-1.8\bin
JRE paths:	;C:\Program Files\NVIDIA GPU Computing Toolkit\CUDA\v11.3\bin;C:\Program Files\NVIDIA GPU Computing Toolkit\CUDA\v11.3\libnvvp;C:\Program Files\Common Files\Oracle\Java\javapath;C:\Program Files\NVIDIA GPU Computing Toolkit\CUDA\v11.8\bin;C:\Program Files\NVIDIA GPU Computing Toolkit\CUDA\v11.8\libnvvp;C:\Program Files\NVIDIA GPU Computing Toolkit\CUDA\v11.8\lib;C:\Program Files\NVIDIA GPU Computing Toolkit\CUDA\v11.8\include;C:\Program Files\NVIDIA\CUDNN\v9.0\bin;F:\ANC\Scripts;C:\Program Files (x86)\Common Files\Oracle\Java\javapath;D:\VM\bin\;C:\Program Files (x86)\Common Files\Intel\Shared Files\cpp\bin\Intel64;C:\Windows\system32;C:\Windows;C:\Windows\System32\Wbem;C:\Windows\System32\WindowsPowerShell\v1.0\;C:\Windows\System32\OpenSSH\;C:\Program Files\Microsoft SQL Server\150\Tools\Binn\;C:\Program Files (x86)\HP\Common\HPDestPlgIn\;C:\Program Files\Microsoft SQL Server\110\Tools\Binn\;C:\Program Files\Microsoft\Web Platform Installer\;C:\Program Files (x86)\NVIDIA Corporation\PhysX\Common;D:\Microsoft VS Code\mingw64\bin;C:\Program Files\dotnet\;C:\Program Files\Git\cmd;C:\Program Files\Docker\Docker\resources\bin;D;D:\putty\;D:\Matlab2018a\runtime\win64;D:\Matlab2018a\bin;F:\LINGO9\;C:\Program Files (x86)\STMicroelectronics\STM32 ST-LINK Utility\ST-LINK Utility;C:\Program Files\CMake\bin;C:\Program Files\NVIDIA Corporation\NVIDIA app\NvDLISR;C:\Program Files\Pandoc\;D:\mingw64\bin;C:\Program Files\NVIDIA Corporation\Nsight Compute 2021.1.0\;C:\Program Files\MySQL\MySQL Shell 8.0\bin\;F:\Anaconda;F:\Anaconda\Library\mingw-w64\bin;F:\Anaconda\Library\usr\bin;F:\Anaconda\Library\bin;F:\Anaconda\Scripts;C:\Users\Admin.DESKTOP-CFKNI18\AppData\Local\Programs\Python\Python38\Scripts\;C:\Users\Admin.DESKTOP-CFKNI18\AppData\Local\Programs\Python\Python38\;C:\Users\Admin.DESKTOP-CFKNI18\AppData\Local\Microsoft\WindowsApps;C:\Program Files (x86)\HP\Common\HPDestPlgIn\;D:\Microsoft VS Code\bin;C:\Users\Admin.DESKTOP-CFKNI18\.dotnet\tools;G:\PyCharm 2023.3.5\bin;;D:\texlive\2017\bin\win32;E:\IntelliJ IDEA Community Edition 2024.3.2\bin;;G:\IntelliJ IDEA 2024.3.3\bin;;D:\Graphviz\bin;C:\Program Files\Java\jre-1.8\bin
Check launcher:	C:\Program Files\NVIDIA GPU Computing Toolkit\CUDA\v11.3\bin\javaw.exe (not found)
Check launcher:	C:\Program Files\NVIDIA GPU Computing Toolkit\CUDA\v11.3\libnvvp\bin\javaw.exe (not found)
Check launcher:	C:\Program Files\Common Files\Oracle\Java\javapath\bin\javaw.exe (not found)
Check launcher:	C:\Program Files\NVIDIA GPU Computing Toolkit\CUDA\v11.8\bin\javaw.exe (not found)
Check launcher:	C:\Program Files\NVIDIA GPU Computing Toolkit\CUDA\v11.8\libnvvp\bin\javaw.exe (not found)
Check launcher:	C:\Program Files\NVIDIA GPU Computing Toolkit\CUDA\v11.8\lib\bin\javaw.exe (not found)
Check launcher:	C:\Program Files\NVIDIA GPU Computing Toolkit\CUDA\v11.8\include\bin\javaw.exe (not found)
Check launcher:	C:\Program Files\NVIDIA\CUDNN\v9.0\bin\javaw.exe (not found)
Check launcher:	F:\ANC\Scripts\bin\javaw.exe (not found)
Check launcher:	C:\Program Files (x86)\Common Files\Oracle\Java\javapath\bin\javaw.exe (not found)
Check launcher:	D:\VM\bin\bin\javaw.exe (not found)
Check launcher:	C:\Program Files (x86)\Common Files\Intel\Shared Files\cpp\bin\Intel64\bin\javaw.exe (not found)
Check launcher:	C:\Windows\system32\bin\javaw.exe (not found)
Check launcher:	C:\Windows\bin\javaw.exe (not found)
Check launcher:	C:\Windows\System32\Wbem\bin\javaw.exe (not found)
Check launcher:	C:\Windows\System32\WindowsPowerShell\v1.0\bin\javaw.exe (not found)
Check launcher:	C:\Windows\System32\OpenSSH\bin\javaw.exe (not found)
Check launcher:	C:\Program Files\Microsoft SQL Server\150\Tools\Binn\bin\javaw.exe (not found)
Check launcher:	C:\Program Files (x86)\HP\Common\HPDestPlgIn\bin\javaw.exe (not found)
Check launcher:	C:\Program Files\Microsoft SQL Server\110\Tools\Binn\bin\javaw.exe (not found)
Check launcher:	C:\Program Files\Microsoft\Web Platform Installer\bin\javaw.exe (not found)
Check launcher:	C:\Program Files (x86)\NVIDIA Corporation\PhysX\Common\bin\javaw.exe (not found)
Check launcher:	D:\Microsoft VS Code\mingw64\bin\javaw.exe (not found)
Check launcher:	C:\Program Files\dotnet\bin\javaw.exe (not found)
Check launcher:	C:\Program Files\Git\cmd\bin\javaw.exe (not found)
Check launcher:	C:\Program Files\Docker\Docker\resources\bin\javaw.exe (not found)
Check launcher:	D:\bamboo-hole-detection\D\bin\javaw.exe (not found)
Check launcher:	D:\putty\bin\javaw.exe (not found)
Check launcher:	D:\Matlab2018a\runtime\win64\bin\javaw.exe (not found)
Check launcher:	D:\Matlab2018a\bin\javaw.exe (not found)
Check launcher:	F:\LINGO9\bin\javaw.exe (not found)
Check launcher:	C:\Program Files (x86)\STMicroelectronics\STM32 ST-LINK Utility\ST-LINK Utility\bin\javaw.exe (not found)
Check launcher:	C:\Program Files\CMake\bin\javaw.exe (not found)
Check launcher:	C:\Program Files\NVIDIA Corporation\NVIDIA app\NvDLISR\bin\javaw.exe (not found)
Check launcher:	C:\Program Files\Pandoc\bin\javaw.exe (not found)
Check launcher:	D:\mingw64\bin\javaw.exe (not found)
Check launcher:	C:\Program Files\NVIDIA Corporation\Nsight Compute 2021.1.0\bin\javaw.exe (not found)
Check launcher:	C:\Program Files\MySQL\MySQL Shell 8.0\bin\bin\javaw.exe (not found)
Check launcher:	F:\Anaconda\bin\javaw.exe (not found)
Check launcher:	F:\Anaconda\Library\mingw-w64\bin\javaw.exe (not found)
Check launcher:	F:\Anaconda\Library\usr\bin\javaw.exe (not found)
Check launcher:	F:\Anaconda\Library\bin\javaw.exe (not found)
Check launcher:	F:\Anaconda\Scripts\bin\javaw.exe (not found)
Check launcher:	C:\Users\Admin.DESKTOP-CFKNI18\AppData\Local\Programs\Python\Python38\Scripts\bin\javaw.exe (not found)
Check launcher:	C:\Users\Admin.DESKTOP-CFKNI18\AppData\Local\Programs\Python\Python38\bin\javaw.exe (not found)
Check launcher:	C:\Users\Admin.DESKTOP-CFKNI18\AppData\Local\Microsoft\WindowsApps\bin\javaw.exe (not found)
Check launcher:	C:\Program Files (x86)\HP\Common\HPDestPlgIn\bin\javaw.exe (not found)
Check launcher:	D:\Microsoft VS Code\bin\javaw.exe (not found)
Check launcher:	C:\Users\Admin.DESKTOP-CFKNI18\.dotnet\tools\bin\javaw.exe (not found)
Check launcher:	G:\PyCharm 2023.3.5\bin\javaw.exe (not found)
Check launcher:	D:\texlive\2017\bin\win32\bin\javaw.exe (not found)
Check launcher:	E:\IntelliJ IDEA Community Edition 2024.3.2\bin\javaw.exe (not found)
Check launcher:	G:\IntelliJ IDEA 2024.3.3\bin\javaw.exe (not found)
Check launcher:	D:\Graphviz\bin\javaw.exe (not found)
Check launcher:	C:\Program Files\Java\jre-1.8\bin\javaw.exe (OK)
Version string: 1.008.000_401 / 64-Bit (OK)
Launcher:	C:\Program Files\Java\jre-1.8\bin\javaw.exe
Launcher args:	-jar "D:\bamboo-hole-detection\bamboo.exe"
Args length:	42/32768 chars
Exit code:	0


Version:	3.50
CmdLine:	D:\bamboo-hole-detection\bamboo.exe --l4j-debug
JNI:		No
WOW64:		Yes
Requires JDK:	No
Requires 64-Bit: No
Java min ver:	1.008.000
Java max ver:	
Substitute:	JAVA_HOME = 
Substitute:	PATH = C:\Program Files\NVIDIA GPU Computing Toolkit\CUDA\v11.3\bin;C:\Program Files\NVIDIA GPU Computing Toolkit\CUDA\v11.3\libnvvp;C:\Program Files\Common Files\Oracle\Java\javapath;C:\Program Files\NVIDIA GPU Computing Toolkit\CUDA\v11.8\bin;C:\Program Files\NVIDIA GPU Computing Toolkit\CUDA\v11.8\libnvvp;C:\Program Files\NVIDIA GPU Computing Toolkit\CUDA\v11.8\lib;C:\Program Files\NVIDIA GPU Computing Toolkit\CUDA\v11.8\include;C:\Program Files\NVIDIA\CUDNN\v9.0\bin;F:\ANC\Scripts;C:\Program Files (x86)\Common Files\Oracle\Java\javapath;D:\VM\bin\;C:\Program Files (x86)\Common Files\Intel\Shared Files\cpp\bin\Intel64;C:\Windows\system32;C:\Windows;C:\Windows\System32\Wbem;C:\Windows\System32\WindowsPowerShell\v1.0\;C:\Windows\System32\OpenSSH\;C:\Program Files\Microsoft SQL Server\150\Tools\Binn\;C:\Program Files (x86)\HP\Common\HPDestPlgIn\;C:\Program Files\Microsoft SQL Server\110\Tools\Binn\;C:\Program Files\Microsoft\Web Platform Installer\;C:\Program Files (x86)\NVIDIA Corporation\PhysX\Common;D:\Microsoft VS Code\mingw64\bin;C:\Program Files\dotnet\;C:\Program Files\Git\cmd;C:\Program Files\Docker\Docker\resources\bin;D;D:\putty\;D:\Matlab2018a\runtime\win64;D:\Matlab2018a\bin;F:\LINGO9\;C:\Program Files (x86)\STMicroelectronics\STM32 ST-LINK Utility\ST-LINK Utility;C:\Program Files\CMake\bin;C:\Program Files\NVIDIA Corporation\NVIDIA app\NvDLISR;C:\Program Files\Pandoc\;D:\mingw64\bin;C:\Program Files\NVIDIA Corporation\Nsight Compute 2021.1.0\;C:\Program Files\MySQL\MySQL Shell 8.0\bin\;F:\Anaconda;F:\Anaconda\Library\mingw-w64\bin;F:\Anaconda\Library\usr\bin;F:\Anaconda\Library\bin;F:\Anaconda\Scripts;C:\Users\Admin.DESKTOP-CFKNI18\AppData\Local\Programs\Python\Python38\Scripts\;C:\Users\Admin.DESKTOP-CFKNI18\AppData\Local\Programs\Python\Python38\;C:\Users\Admin.DESKTOP-CFKNI18\AppData\Local\Microsoft\WindowsApps;C:\Program Files (x86)\HP\Common\HPDestPlgIn\;D:\Microsoft VS Code\bin;C:\Users\Admin.DESKTOP-CFKNI18\.dotnet\tools;G:\PyCharm 2023.3.5\bin;;D:\texlive\2017\bin\win32;E:\IntelliJ IDEA Community Edition 2024.3.2\bin;;G:\IntelliJ IDEA 2024.3.3\bin;;D:\Graphviz\bin;C:\Program Files\Java\jre-1.8\bin
JRE paths:	;C:\Program Files\NVIDIA GPU Computing Toolkit\CUDA\v11.3\bin;C:\Program Files\NVIDIA GPU Computing Toolkit\CUDA\v11.3\libnvvp;C:\Program Files\Common Files\Oracle\Java\javapath;C:\Program Files\NVIDIA GPU Computing Toolkit\CUDA\v11.8\bin;C:\Program Files\NVIDIA GPU Computing Toolkit\CUDA\v11.8\libnvvp;C:\Program Files\NVIDIA GPU Computing Toolkit\CUDA\v11.8\lib;C:\Program Files\NVIDIA GPU Computing Toolkit\CUDA\v11.8\include;C:\Program Files\NVIDIA\CUDNN\v9.0\bin;F:\ANC\Scripts;C:\Program Files (x86)\Common Files\Oracle\Java\javapath;D:\VM\bin\;C:\Program Files (x86)\Common Files\Intel\Shared Files\cpp\bin\Intel64;C:\Windows\system32;C:\Windows;C:\Windows\System32\Wbem;C:\Windows\System32\WindowsPowerShell\v1.0\;C:\Windows\System32\OpenSSH\;C:\Program Files\Microsoft SQL Server\150\Tools\Binn\;C:\Program Files (x86)\HP\Common\HPDestPlgIn\;C:\Program Files\Microsoft SQL Server\110\Tools\Binn\;C:\Program Files\Microsoft\Web Platform Installer\;C:\Program Files (x86)\NVIDIA Corporation\PhysX\Common;D:\Microsoft VS Code\mingw64\bin;C:\Program Files\dotnet\;C:\Program Files\Git\cmd;C:\Program Files\Docker\Docker\resources\bin;D;D:\putty\;D:\Matlab2018a\runtime\win64;D:\Matlab2018a\bin;F:\LINGO9\;C:\Program Files (x86)\STMicroelectronics\STM32 ST-LINK Utility\ST-LINK Utility;C:\Program Files\CMake\bin;C:\Program Files\NVIDIA Corporation\NVIDIA app\NvDLISR;C:\Program Files\Pandoc\;D:\mingw64\bin;C:\Program Files\NVIDIA Corporation\Nsight Compute 2021.1.0\;C:\Program Files\MySQL\MySQL Shell 8.0\bin\;F:\Anaconda;F:\Anaconda\Library\mingw-w64\bin;F:\Anaconda\Library\usr\bin;F:\Anaconda\Library\bin;F:\Anaconda\Scripts;C:\Users\Admin.DESKTOP-CFKNI18\AppData\Local\Programs\Python\Python38\Scripts\;C:\Users\Admin.DESKTOP-CFKNI18\AppData\Local\Programs\Python\Python38\;C:\Users\Admin.DESKTOP-CFKNI18\AppData\Local\Microsoft\WindowsApps;C:\Program Files (x86)\HP\Common\HPDestPlgIn\;D:\Microsoft VS Code\bin;C:\Users\Admin.DESKTOP-CFKNI18\.dotnet\tools;G:\PyCharm 2023.3.5\bin;;D:\texlive\2017\bin\win32;E:\IntelliJ IDEA Community Edition 2024.3.2\bin;;G:\IntelliJ IDEA 2024.3.3\bin;;D:\Graphviz\bin;C:\Program Files\Java\jre-1.8\bin
Check launcher:	C:\Program Files\NVIDIA GPU Computing Toolkit\CUDA\v11.3\bin\javaw.exe (not found)
Check launcher:	C:\Program Files\NVIDIA GPU Computing Toolkit\CUDA\v11.3\libnvvp\bin\javaw.exe (not found)
Check launcher:	C:\Program Files\Common Files\Oracle\Java\javapath\bin\javaw.exe (not found)
Check launcher:	C:\Program Files\NVIDIA GPU Computing Toolkit\CUDA\v11.8\bin\javaw.exe (not found)
Check launcher:	C:\Program Files\NVIDIA GPU Computing Toolkit\CUDA\v11.8\libnvvp\bin\javaw.exe (not found)
Check launcher:	C:\Program Files\NVIDIA GPU Computing Toolkit\CUDA\v11.8\lib\bin\javaw.exe (not found)
Check launcher:	C:\Program Files\NVIDIA GPU Computing Toolkit\CUDA\v11.8\include\bin\javaw.exe (not found)
Check launcher:	C:\Program Files\NVIDIA\CUDNN\v9.0\bin\javaw.exe (not found)
Check launcher:	F:\ANC\Scripts\bin\javaw.exe (not found)
Check launcher:	C:\Program Files (x86)\Common Files\Oracle\Java\javapath\bin\javaw.exe (not found)
Check launcher:	D:\VM\bin\bin\javaw.exe (not found)
Check launcher:	C:\Program Files (x86)\Common Files\Intel\Shared Files\cpp\bin\Intel64\bin\javaw.exe (not found)
Check launcher:	C:\Windows\system32\bin\javaw.exe (not found)
Check launcher:	C:\Windows\bin\javaw.exe (not found)
Check launcher:	C:\Windows\System32\Wbem\bin\javaw.exe (not found)
Check launcher:	C:\Windows\System32\WindowsPowerShell\v1.0\bin\javaw.exe (not found)
Check launcher:	C:\Windows\System32\OpenSSH\bin\javaw.exe (not found)
Check launcher:	C:\Program Files\Microsoft SQL Server\150\Tools\Binn\bin\javaw.exe (not found)
Check launcher:	C:\Program Files (x86)\HP\Common\HPDestPlgIn\bin\javaw.exe (not found)
Check launcher:	C:\Program Files\Microsoft SQL Server\110\Tools\Binn\bin\javaw.exe (not found)
Check launcher:	C:\Program Files\Microsoft\Web Platform Installer\bin\javaw.exe (not found)
Check launcher:	C:\Program Files (x86)\NVIDIA Corporation\PhysX\Common\bin\javaw.exe (not found)
Check launcher:	D:\Microsoft VS Code\mingw64\bin\javaw.exe (not found)
Check launcher:	C:\Program Files\dotnet\bin\javaw.exe (not found)
Check launcher:	C:\Program Files\Git\cmd\bin\javaw.exe (not found)
Check launcher:	C:\Program Files\Docker\Docker\resources\bin\javaw.exe (not found)
Check launcher:	D:\bamboo-hole-detection\D\bin\javaw.exe (not found)
Check launcher:	D:\putty\bin\javaw.exe (not found)
Check launcher:	D:\Matlab2018a\runtime\win64\bin\javaw.exe (not found)
Check launcher:	D:\Matlab2018a\bin\javaw.exe (not found)
Check launcher:	F:\LINGO9\bin\javaw.exe (not found)
Check launcher:	C:\Program Files (x86)\STMicroelectronics\STM32 ST-LINK Utility\ST-LINK Utility\bin\javaw.exe (not found)
Check launcher:	C:\Program Files\CMake\bin\javaw.exe (not found)
Check launcher:	C:\Program Files\NVIDIA Corporation\NVIDIA app\NvDLISR\bin\javaw.exe (not found)
Check launcher:	C:\Program Files\Pandoc\bin\javaw.exe (not found)
Check launcher:	D:\mingw64\bin\javaw.exe (not found)
Check launcher:	C:\Program Files\NVIDIA Corporation\Nsight Compute 2021.1.0\bin\javaw.exe (not found)
Check launcher:	C:\Program Files\MySQL\MySQL Shell 8.0\bin\bin\javaw.exe (not found)
Check launcher:	F:\Anaconda\bin\javaw.exe (not found)
Check launcher:	F:\Anaconda\Library\mingw-w64\bin\javaw.exe (not found)
Check launcher:	F:\Anaconda\Library\usr\bin\javaw.exe (not found)
Check launcher:	F:\Anaconda\Library\bin\javaw.exe (not found)
Check launcher:	F:\Anaconda\Scripts\bin\javaw.exe (not found)
Check launcher:	C:\Users\Admin.DESKTOP-CFKNI18\AppData\Local\Programs\Python\Python38\Scripts\bin\javaw.exe (not found)
Check launcher:	C:\Users\Admin.DESKTOP-CFKNI18\AppData\Local\Programs\Python\Python38\bin\javaw.exe (not found)
Check launcher:	C:\Users\Admin.DESKTOP-CFKNI18\AppData\Local\Microsoft\WindowsApps\bin\javaw.exe (not found)
Check launcher:	C:\Program Files (x86)\HP\Common\HPDestPlgIn\bin\javaw.exe (not found)
Check launcher:	D:\Microsoft VS Code\bin\javaw.exe (not found)
Check launcher:	C:\Users\Admin.DESKTOP-CFKNI18\.dotnet\tools\bin\javaw.exe (not found)
Check launcher:	G:\PyCharm 2023.3.5\bin\javaw.exe (not found)
Check launcher:	D:\texlive\2017\bin\win32\bin\javaw.exe (not found)
Check launcher:	E:\IntelliJ IDEA Community Edition 2024.3.2\bin\javaw.exe (not found)
Check launcher:	G:\IntelliJ IDEA 2024.3.3\bin\javaw.exe (not found)
Check launcher:	D:\Graphviz\bin\javaw.exe (not found)
Check launcher:	C:\Program Files\Java\jre-1.8\bin\javaw.exe (OK)
Version string: 1.008.000_401 / 64-Bit (OK)
Launcher:	C:\Program Files\Java\jre-1.8\bin\javaw.exe
Launcher args:	-jar "D:\bamboo-hole-detection\bamboo.exe"
Args length:	42/32768 chars
Exit code:	0


Version:	3.50
CmdLine:	D:\bamboo-hole-detection\bamboo.exe --l4j-debug
JNI:		No
WOW64:		Yes
Requires JDK:	No
Requires 64-Bit: No
Java min ver:	1.008.000
Java max ver:	
Substitute:	JAVA_HOME = 
Substitute:	PATH = C:\Program Files\NVIDIA GPU Computing Toolkit\CUDA\v11.3\bin;C:\Program Files\NVIDIA GPU Computing Toolkit\CUDA\v11.3\libnvvp;C:\Program Files\Common Files\Oracle\Java\javapath;C:\Program Files\NVIDIA GPU Computing Toolkit\CUDA\v11.8\bin;C:\Program Files\NVIDIA GPU Computing Toolkit\CUDA\v11.8\libnvvp;C:\Program Files\NVIDIA GPU Computing Toolkit\CUDA\v11.8\lib;C:\Program Files\NVIDIA GPU Computing Toolkit\CUDA\v11.8\include;C:\Program Files\NVIDIA\CUDNN\v9.0\bin;F:\ANC\Scripts;C:\Program Files (x86)\Common Files\Oracle\Java\javapath;D:\VM\bin\;C:\Program Files (x86)\Common Files\Intel\Shared Files\cpp\bin\Intel64;C:\Windows\system32;C:\Windows;C:\Windows\System32\Wbem;C:\Windows\System32\WindowsPowerShell\v1.0\;C:\Windows\System32\OpenSSH\;C:\Program Files\Microsoft SQL Server\150\Tools\Binn\;C:\Program Files (x86)\HP\Common\HPDestPlgIn\;C:\Program Files\Microsoft SQL Server\110\Tools\Binn\;C:\Program Files\Microsoft\Web Platform Installer\;C:\Program Files (x86)\NVIDIA Corporation\PhysX\Common;D:\Microsoft VS Code\mingw64\bin;C:\Program Files\dotnet\;C:\Program Files\Git\cmd;C:\Program Files\Docker\Docker\resources\bin;D;D:\putty\;D:\Matlab2018a\runtime\win64;D:\Matlab2018a\bin;F:\LINGO9\;C:\Program Files (x86)\STMicroelectronics\STM32 ST-LINK Utility\ST-LINK Utility;C:\Program Files\CMake\bin;C:\Program Files\NVIDIA Corporation\NVIDIA app\NvDLISR;C:\Program Files\Pandoc\;D:\mingw64\bin;C:\Program Files\NVIDIA Corporation\Nsight Compute 2021.1.0\;C:\Program Files\MySQL\MySQL Shell 8.0\bin\;F:\Anaconda;F:\Anaconda\Library\mingw-w64\bin;F:\Anaconda\Library\usr\bin;F:\Anaconda\Library\bin;F:\Anaconda\Scripts;C:\Users\Admin.DESKTOP-CFKNI18\AppData\Local\Programs\Python\Python38\Scripts\;C:\Users\Admin.DESKTOP-CFKNI18\AppData\Local\Programs\Python\Python38\;C:\Users\Admin.DESKTOP-CFKNI18\AppData\Local\Microsoft\WindowsApps;C:\Program Files (x86)\HP\Common\HPDestPlgIn\;D:\Microsoft VS Code\bin;C:\Users\Admin.DESKTOP-CFKNI18\.dotnet\tools;G:\PyCharm 2023.3.5\bin;;D:\texlive\2017\bin\win32;E:\IntelliJ IDEA Community Edition 2024.3.2\bin;;G:\IntelliJ IDEA 2024.3.3\bin;;D:\Graphviz\bin;C:\Program Files\Java\jre-1.8\bin
JRE paths:	;C:\Program Files\NVIDIA GPU Computing Toolkit\CUDA\v11.3\bin;C:\Program Files\NVIDIA GPU Computing Toolkit\CUDA\v11.3\libnvvp;C:\Program Files\Common Files\Oracle\Java\javapath;C:\Program Files\NVIDIA GPU Computing Toolkit\CUDA\v11.8\bin;C:\Program Files\NVIDIA GPU Computing Toolkit\CUDA\v11.8\libnvvp;C:\Program Files\NVIDIA GPU Computing Toolkit\CUDA\v11.8\lib;C:\Program Files\NVIDIA GPU Computing Toolkit\CUDA\v11.8\include;C:\Program Files\NVIDIA\CUDNN\v9.0\bin;F:\ANC\Scripts;C:\Program Files (x86)\Common Files\Oracle\Java\javapath;D:\VM\bin\;C:\Program Files (x86)\Common Files\Intel\Shared Files\cpp\bin\Intel64;C:\Windows\system32;C:\Windows;C:\Windows\System32\Wbem;C:\Windows\System32\WindowsPowerShell\v1.0\;C:\Windows\System32\OpenSSH\;C:\Program Files\Microsoft SQL Server\150\Tools\Binn\;C:\Program Files (x86)\HP\Common\HPDestPlgIn\;C:\Program Files\Microsoft SQL Server\110\Tools\Binn\;C:\Program Files\Microsoft\Web Platform Installer\;C:\Program Files (x86)\NVIDIA Corporation\PhysX\Common;D:\Microsoft VS Code\mingw64\bin;C:\Program Files\dotnet\;C:\Program Files\Git\cmd;C:\Program Files\Docker\Docker\resources\bin;D;D:\putty\;D:\Matlab2018a\runtime\win64;D:\Matlab2018a\bin;F:\LINGO9\;C:\Program Files (x86)\STMicroelectronics\STM32 ST-LINK Utility\ST-LINK Utility;C:\Program Files\CMake\bin;C:\Program Files\NVIDIA Corporation\NVIDIA app\NvDLISR;C:\Program Files\Pandoc\;D:\mingw64\bin;C:\Program Files\NVIDIA Corporation\Nsight Compute 2021.1.0\;C:\Program Files\MySQL\MySQL Shell 8.0\bin\;F:\Anaconda;F:\Anaconda\Library\mingw-w64\bin;F:\Anaconda\Library\usr\bin;F:\Anaconda\Library\bin;F:\Anaconda\Scripts;C:\Users\Admin.DESKTOP-CFKNI18\AppData\Local\Programs\Python\Python38\Scripts\;C:\Users\Admin.DESKTOP-CFKNI18\AppData\Local\Programs\Python\Python38\;C:\Users\Admin.DESKTOP-CFKNI18\AppData\Local\Microsoft\WindowsApps;C:\Program Files (x86)\HP\Common\HPDestPlgIn\;D:\Microsoft VS Code\bin;C:\Users\Admin.DESKTOP-CFKNI18\.dotnet\tools;G:\PyCharm 2023.3.5\bin;;D:\texlive\2017\bin\win32;E:\IntelliJ IDEA Community Edition 2024.3.2\bin;;G:\IntelliJ IDEA 2024.3.3\bin;;D:\Graphviz\bin;C:\Program Files\Java\jre-1.8\bin
Check launcher:	C:\Program Files\NVIDIA GPU Computing Toolkit\CUDA\v11.3\bin\javaw.exe (not found)
Check launcher:	C:\Program Files\NVIDIA GPU Computing Toolkit\CUDA\v11.3\libnvvp\bin\javaw.exe (not found)
Check launcher:	C:\Program Files\Common Files\Oracle\Java\javapath\bin\javaw.exe (not found)
Check launcher:	C:\Program Files\NVIDIA GPU Computing Toolkit\CUDA\v11.8\bin\javaw.exe (not found)
Check launcher:	C:\Program Files\NVIDIA GPU Computing Toolkit\CUDA\v11.8\libnvvp\bin\javaw.exe (not found)
Check launcher:	C:\Program Files\NVIDIA GPU Computing Toolkit\CUDA\v11.8\lib\bin\javaw.exe (not found)
Check launcher:	C:\Program Files\NVIDIA GPU Computing Toolkit\CUDA\v11.8\include\bin\javaw.exe (not found)
Check launcher:	C:\Program Files\NVIDIA\CUDNN\v9.0\bin\javaw.exe (not found)
Check launcher:	F:\ANC\Scripts\bin\javaw.exe (not found)
Check launcher:	C:\Program Files (x86)\Common Files\Oracle\Java\javapath\bin\javaw.exe (not found)
Check launcher:	D:\VM\bin\bin\javaw.exe (not found)
Check launcher:	C:\Program Files (x86)\Common Files\Intel\Shared Files\cpp\bin\Intel64\bin\javaw.exe (not found)
Check launcher:	C:\Windows\system32\bin\javaw.exe (not found)
Check launcher:	C:\Windows\bin\javaw.exe (not found)
Check launcher:	C:\Windows\System32\Wbem\bin\javaw.exe (not found)
Check launcher:	C:\Windows\System32\WindowsPowerShell\v1.0\bin\javaw.exe (not found)
Check launcher:	C:\Windows\System32\OpenSSH\bin\javaw.exe (not found)
Check launcher:	C:\Program Files\Microsoft SQL Server\150\Tools\Binn\bin\javaw.exe (not found)
Check launcher:	C:\Program Files (x86)\HP\Common\HPDestPlgIn\bin\javaw.exe (not found)
Check launcher:	C:\Program Files\Microsoft SQL Server\110\Tools\Binn\bin\javaw.exe (not found)
Check launcher:	C:\Program Files\Microsoft\Web Platform Installer\bin\javaw.exe (not found)
Check launcher:	C:\Program Files (x86)\NVIDIA Corporation\PhysX\Common\bin\javaw.exe (not found)
Check launcher:	D:\Microsoft VS Code\mingw64\bin\javaw.exe (not found)
Check launcher:	C:\Program Files\dotnet\bin\javaw.exe (not found)
Check launcher:	C:\Program Files\Git\cmd\bin\javaw.exe (not found)
Check launcher:	C:\Program Files\Docker\Docker\resources\bin\javaw.exe (not found)
Check launcher:	D:\bamboo-hole-detection\D\bin\javaw.exe (not found)
Check launcher:	D:\putty\bin\javaw.exe (not found)
Check launcher:	D:\Matlab2018a\runtime\win64\bin\javaw.exe (not found)
Check launcher:	D:\Matlab2018a\bin\javaw.exe (not found)
Check launcher:	F:\LINGO9\bin\javaw.exe (not found)
Check launcher:	C:\Program Files (x86)\STMicroelectronics\STM32 ST-LINK Utility\ST-LINK Utility\bin\javaw.exe (not found)
Check launcher:	C:\Program Files\CMake\bin\javaw.exe (not found)
Check launcher:	C:\Program Files\NVIDIA Corporation\NVIDIA app\NvDLISR\bin\javaw.exe (not found)
Check launcher:	C:\Program Files\Pandoc\bin\javaw.exe (not found)
Check launcher:	D:\mingw64\bin\javaw.exe (not found)
Check launcher:	C:\Program Files\NVIDIA Corporation\Nsight Compute 2021.1.0\bin\javaw.exe (not found)
Check launcher:	C:\Program Files\MySQL\MySQL Shell 8.0\bin\bin\javaw.exe (not found)
Check launcher:	F:\Anaconda\bin\javaw.exe (not found)
Check launcher:	F:\Anaconda\Library\mingw-w64\bin\javaw.exe (not found)
Check launcher:	F:\Anaconda\Library\usr\bin\javaw.exe (not found)
Check launcher:	F:\Anaconda\Library\bin\javaw.exe (not found)
Check launcher:	F:\Anaconda\Scripts\bin\javaw.exe (not found)
Check launcher:	C:\Users\Admin.DESKTOP-CFKNI18\AppData\Local\Programs\Python\Python38\Scripts\bin\javaw.exe (not found)
Check launcher:	C:\Users\Admin.DESKTOP-CFKNI18\AppData\Local\Programs\Python\Python38\bin\javaw.exe (not found)
Check launcher:	C:\Users\Admin.DESKTOP-CFKNI18\AppData\Local\Microsoft\WindowsApps\bin\javaw.exe (not found)
Check launcher:	C:\Program Files (x86)\HP\Common\HPDestPlgIn\bin\javaw.exe (not found)
Check launcher:	D:\Microsoft VS Code\bin\javaw.exe (not found)
Check launcher:	C:\Users\Admin.DESKTOP-CFKNI18\.dotnet\tools\bin\javaw.exe (not found)
Check launcher:	G:\PyCharm 2023.3.5\bin\javaw.exe (not found)
Check launcher:	D:\texlive\2017\bin\win32\bin\javaw.exe (not found)
Check launcher:	E:\IntelliJ IDEA Community Edition 2024.3.2\bin\javaw.exe (not found)
Check launcher:	G:\IntelliJ IDEA 2024.3.3\bin\javaw.exe (not found)
Check launcher:	D:\Graphviz\bin\javaw.exe (not found)
Check launcher:	C:\Program Files\Java\jre-1.8\bin\javaw.exe (OK)
Version string: 1.008.000_401 / 64-Bit (OK)
Launcher:	C:\Program Files\Java\jre-1.8\bin\javaw.exe
Launcher args:	-jar "D:\bamboo-hole-detection\bamboo.exe"
Args length:	42/32768 chars
Exit code:	0


Version:	3.50
CmdLine:	D:\bamboo-hole-detection\bamboo.exe --l4j-debug
JNI:		No
WOW64:		Yes
Requires JDK:	No
Requires 64-Bit: No
Java min ver:	
Java max ver:	
Substitute:	JAVA_HOME = 
Substitute:	PATH = C:\Program Files\NVIDIA GPU Computing Toolkit\CUDA\v11.3\bin;C:\Program Files\NVIDIA GPU Computing Toolkit\CUDA\v11.3\libnvvp;C:\Program Files\Common Files\Oracle\Java\javapath;C:\Program Files\NVIDIA GPU Computing Toolkit\CUDA\v11.8\bin;C:\Program Files\NVIDIA GPU Computing Toolkit\CUDA\v11.8\libnvvp;C:\Program Files\NVIDIA GPU Computing Toolkit\CUDA\v11.8\lib;C:\Program Files\NVIDIA GPU Computing Toolkit\CUDA\v11.8\include;C:\Program Files\NVIDIA\CUDNN\v9.0\bin;F:\ANC\Scripts;C:\Program Files (x86)\Common Files\Oracle\Java\javapath;D:\VM\bin\;C:\Program Files (x86)\Common Files\Intel\Shared Files\cpp\bin\Intel64;C:\Windows\system32;C:\Windows;C:\Windows\System32\Wbem;C:\Windows\System32\WindowsPowerShell\v1.0\;C:\Windows\System32\OpenSSH\;C:\Program Files\Microsoft SQL Server\150\Tools\Binn\;C:\Program Files (x86)\HP\Common\HPDestPlgIn\;C:\Program Files\Microsoft SQL Server\110\Tools\Binn\;C:\Program Files\Microsoft\Web Platform Installer\;C:\Program Files (x86)\NVIDIA Corporation\PhysX\Common;D:\Microsoft VS Code\mingw64\bin;C:\Program Files\dotnet\;C:\Program Files\Git\cmd;C:\Program Files\Docker\Docker\resources\bin;D;D:\putty\;D:\Matlab2018a\runtime\win64;D:\Matlab2018a\bin;F:\LINGO9\;C:\Program Files (x86)\STMicroelectronics\STM32 ST-LINK Utility\ST-LINK Utility;C:\Program Files\CMake\bin;C:\Program Files\NVIDIA Corporation\NVIDIA app\NvDLISR;C:\Program Files\Pandoc\;D:\mingw64\bin;C:\Program Files\NVIDIA Corporation\Nsight Compute 2021.1.0\;C:\Program Files\MySQL\MySQL Shell 8.0\bin\;F:\Anaconda;F:\Anaconda\Library\mingw-w64\bin;F:\Anaconda\Library\usr\bin;F:\Anaconda\Library\bin;F:\Anaconda\Scripts;C:\Users\Admin.DESKTOP-CFKNI18\AppData\Local\Programs\Python\Python38\Scripts\;C:\Users\Admin.DESKTOP-CFKNI18\AppData\Local\Programs\Python\Python38\;C:\Users\Admin.DESKTOP-CFKNI18\AppData\Local\Microsoft\WindowsApps;C:\Program Files (x86)\HP\Common\HPDestPlgIn\;D:\Microsoft VS Code\bin;C:\Users\Admin.DESKTOP-CFKNI18\.dotnet\tools;G:\PyCharm 2023.3.5\bin;;D:\texlive\2017\bin\win32;E:\IntelliJ IDEA Community Edition 2024.3.2\bin;;G:\IntelliJ IDEA 2024.3.3\bin;;D:\Graphviz\bin;C:\Program Files\Java\jre-1.8\bin
JRE paths:	;C:\Program Files\NVIDIA GPU Computing Toolkit\CUDA\v11.3\bin;C:\Program Files\NVIDIA GPU Computing Toolkit\CUDA\v11.3\libnvvp;C:\Program Files\Common Files\Oracle\Java\javapath;C:\Program Files\NVIDIA GPU Computing Toolkit\CUDA\v11.8\bin;C:\Program Files\NVIDIA GPU Computing Toolkit\CUDA\v11.8\libnvvp;C:\Program Files\NVIDIA GPU Computing Toolkit\CUDA\v11.8\lib;C:\Program Files\NVIDIA GPU Computing Toolkit\CUDA\v11.8\include;C:\Program Files\NVIDIA\CUDNN\v9.0\bin;F:\ANC\Scripts;C:\Program Files (x86)\Common Files\Oracle\Java\javapath;D:\VM\bin\;C:\Program Files (x86)\Common Files\Intel\Shared Files\cpp\bin\Intel64;C:\Windows\system32;C:\Windows;C:\Windows\System32\Wbem;C:\Windows\System32\WindowsPowerShell\v1.0\;C:\Windows\System32\OpenSSH\;C:\Program Files\Microsoft SQL Server\150\Tools\Binn\;C:\Program Files (x86)\HP\Common\HPDestPlgIn\;C:\Program Files\Microsoft SQL Server\110\Tools\Binn\;C:\Program Files\Microsoft\Web Platform Installer\;C:\Program Files (x86)\NVIDIA Corporation\PhysX\Common;D:\Microsoft VS Code\mingw64\bin;C:\Program Files\dotnet\;C:\Program Files\Git\cmd;C:\Program Files\Docker\Docker\resources\bin;D;D:\putty\;D:\Matlab2018a\runtime\win64;D:\Matlab2018a\bin;F:\LINGO9\;C:\Program Files (x86)\STMicroelectronics\STM32 ST-LINK Utility\ST-LINK Utility;C:\Program Files\CMake\bin;C:\Program Files\NVIDIA Corporation\NVIDIA app\NvDLISR;C:\Program Files\Pandoc\;D:\mingw64\bin;C:\Program Files\NVIDIA Corporation\Nsight Compute 2021.1.0\;C:\Program Files\MySQL\MySQL Shell 8.0\bin\;F:\Anaconda;F:\Anaconda\Library\mingw-w64\bin;F:\Anaconda\Library\usr\bin;F:\Anaconda\Library\bin;F:\Anaconda\Scripts;C:\Users\Admin.DESKTOP-CFKNI18\AppData\Local\Programs\Python\Python38\Scripts\;C:\Users\Admin.DESKTOP-CFKNI18\AppData\Local\Programs\Python\Python38\;C:\Users\Admin.DESKTOP-CFKNI18\AppData\Local\Microsoft\WindowsApps;C:\Program Files (x86)\HP\Common\HPDestPlgIn\;D:\Microsoft VS Code\bin;C:\Users\Admin.DESKTOP-CFKNI18\.dotnet\tools;G:\PyCharm 2023.3.5\bin;;D:\texlive\2017\bin\win32;E:\IntelliJ IDEA Community Edition 2024.3.2\bin;;G:\IntelliJ IDEA 2024.3.3\bin;;D:\Graphviz\bin;C:\Program Files\Java\jre-1.8\bin
Check launcher:	C:\Program Files\NVIDIA GPU Computing Toolkit\CUDA\v11.3\bin\javaw.exe (not found)
Check launcher:	C:\Program Files\NVIDIA GPU Computing Toolkit\CUDA\v11.3\libnvvp\bin\javaw.exe (not found)
Check launcher:	C:\Program Files\Common Files\Oracle\Java\javapath\bin\javaw.exe (not found)
Check launcher:	C:\Program Files\NVIDIA GPU Computing Toolkit\CUDA\v11.8\bin\javaw.exe (not found)
Check launcher:	C:\Program Files\NVIDIA GPU Computing Toolkit\CUDA\v11.8\libnvvp\bin\javaw.exe (not found)
Check launcher:	C:\Program Files\NVIDIA GPU Computing Toolkit\CUDA\v11.8\lib\bin\javaw.exe (not found)
Check launcher:	C:\Program Files\NVIDIA GPU Computing Toolkit\CUDA\v11.8\include\bin\javaw.exe (not found)
Check launcher:	C:\Program Files\NVIDIA\CUDNN\v9.0\bin\javaw.exe (not found)
Check launcher:	F:\ANC\Scripts\bin\javaw.exe (not found)
Check launcher:	C:\Program Files (x86)\Common Files\Oracle\Java\javapath\bin\javaw.exe (not found)
Check launcher:	D:\VM\bin\bin\javaw.exe (not found)
Check launcher:	C:\Program Files (x86)\Common Files\Intel\Shared Files\cpp\bin\Intel64\bin\javaw.exe (not found)
Check launcher:	C:\Windows\system32\bin\javaw.exe (not found)
Check launcher:	C:\Windows\bin\javaw.exe (not found)
Check launcher:	C:\Windows\System32\Wbem\bin\javaw.exe (not found)
Check launcher:	C:\Windows\System32\WindowsPowerShell\v1.0\bin\javaw.exe (not found)
Check launcher:	C:\Windows\System32\OpenSSH\bin\javaw.exe (not found)
Check launcher:	C:\Program Files\Microsoft SQL Server\150\Tools\Binn\bin\javaw.exe (not found)
Check launcher:	C:\Program Files (x86)\HP\Common\HPDestPlgIn\bin\javaw.exe (not found)
Check launcher:	C:\Program Files\Microsoft SQL Server\110\Tools\Binn\bin\javaw.exe (not found)
Check launcher:	C:\Program Files\Microsoft\Web Platform Installer\bin\javaw.exe (not found)
Check launcher:	C:\Program Files (x86)\NVIDIA Corporation\PhysX\Common\bin\javaw.exe (not found)
Check launcher:	D:\Microsoft VS Code\mingw64\bin\javaw.exe (not found)
Check launcher:	C:\Program Files\dotnet\bin\javaw.exe (not found)
Check launcher:	C:\Program Files\Git\cmd\bin\javaw.exe (not found)
Check launcher:	C:\Program Files\Docker\Docker\resources\bin\javaw.exe (not found)
Check launcher:	D:\bamboo-hole-detection\D\bin\javaw.exe (not found)
Check launcher:	D:\putty\bin\javaw.exe (not found)
Check launcher:	D:\Matlab2018a\runtime\win64\bin\javaw.exe (not found)
Check launcher:	D:\Matlab2018a\bin\javaw.exe (not found)
Check launcher:	F:\LINGO9\bin\javaw.exe (not found)
Check launcher:	C:\Program Files (x86)\STMicroelectronics\STM32 ST-LINK Utility\ST-LINK Utility\bin\javaw.exe (not found)
Check launcher:	C:\Program Files\CMake\bin\javaw.exe (not found)
Check launcher:	C:\Program Files\NVIDIA Corporation\NVIDIA app\NvDLISR\bin\javaw.exe (not found)
Check launcher:	C:\Program Files\Pandoc\bin\javaw.exe (not found)
Check launcher:	D:\mingw64\bin\javaw.exe (not found)
Check launcher:	C:\Program Files\NVIDIA Corporation\Nsight Compute 2021.1.0\bin\javaw.exe (not found)
Check launcher:	C:\Program Files\MySQL\MySQL Shell 8.0\bin\bin\javaw.exe (not found)
Check launcher:	F:\Anaconda\bin\javaw.exe (not found)
Check launcher:	F:\Anaconda\Library\mingw-w64\bin\javaw.exe (not found)
Check launcher:	F:\Anaconda\Library\usr\bin\javaw.exe (not found)
Check launcher:	F:\Anaconda\Library\bin\javaw.exe (not found)
Check launcher:	F:\Anaconda\Scripts\bin\javaw.exe (not found)
Check launcher:	C:\Users\Admin.DESKTOP-CFKNI18\AppData\Local\Programs\Python\Python38\Scripts\bin\javaw.exe (not found)
Check launcher:	C:\Users\Admin.DESKTOP-CFKNI18\AppData\Local\Programs\Python\Python38\bin\javaw.exe (not found)
Check launcher:	C:\Users\Admin.DESKTOP-CFKNI18\AppData\Local\Microsoft\WindowsApps\bin\javaw.exe (not found)
Check launcher:	C:\Program Files (x86)\HP\Common\HPDestPlgIn\bin\javaw.exe (not found)
Check launcher:	D:\Microsoft VS Code\bin\javaw.exe (not found)
Check launcher:	C:\Users\Admin.DESKTOP-CFKNI18\.dotnet\tools\bin\javaw.exe (not found)
Check launcher:	G:\PyCharm 2023.3.5\bin\javaw.exe (not found)
Check launcher:	D:\texlive\2017\bin\win32\bin\javaw.exe (not found)
Check launcher:	E:\IntelliJ IDEA Community Edition 2024.3.2\bin\javaw.exe (not found)
Check launcher:	G:\IntelliJ IDEA 2024.3.3\bin\javaw.exe (not found)
Check launcher:	D:\Graphviz\bin\javaw.exe (not found)
Check launcher:	C:\Program Files\Java\jre-1.8\bin\javaw.exe (OK)
Version string: 1.008.000_401 / 64-Bit (OK)
Launcher:	C:\Program Files\Java\jre-1.8\bin\javaw.exe
Launcher args:	-jar "D:\bamboo-hole-detection\bamboo.exe"
Args length:	42/32768 chars
Exit code:	1


Version:	3.50
CmdLine:	D:\bamboo-hole-detection\bamboo.exe --l4j-debug
JNI:		No
WOW64:		Yes
Requires JDK:	No
Requires 64-Bit: No
Java min ver:	
Java max ver:	
Substitute:	JAVA_HOME = 
Substitute:	PATH = C:\Program Files\NVIDIA GPU Computing Toolkit\CUDA\v11.3\bin;C:\Program Files\NVIDIA GPU Computing Toolkit\CUDA\v11.3\libnvvp;C:\Program Files\Common Files\Oracle\Java\javapath;C:\Program Files\NVIDIA GPU Computing Toolkit\CUDA\v11.8\bin;C:\Program Files\NVIDIA GPU Computing Toolkit\CUDA\v11.8\libnvvp;C:\Program Files\NVIDIA GPU Computing Toolkit\CUDA\v11.8\lib;C:\Program Files\NVIDIA GPU Computing Toolkit\CUDA\v11.8\include;C:\Program Files\NVIDIA\CUDNN\v9.0\bin;F:\ANC\Scripts;C:\Program Files (x86)\Common Files\Oracle\Java\javapath;D:\VM\bin\;C:\Program Files (x86)\Common Files\Intel\Shared Files\cpp\bin\Intel64;C:\Windows\system32;C:\Windows;C:\Windows\System32\Wbem;C:\Windows\System32\WindowsPowerShell\v1.0\;C:\Windows\System32\OpenSSH\;C:\Program Files\Microsoft SQL Server\150\Tools\Binn\;C:\Program Files (x86)\HP\Common\HPDestPlgIn\;C:\Program Files\Microsoft SQL Server\110\Tools\Binn\;C:\Program Files\Microsoft\Web Platform Installer\;C:\Program Files (x86)\NVIDIA Corporation\PhysX\Common;D:\Microsoft VS Code\mingw64\bin;C:\Program Files\dotnet\;C:\Program Files\Git\cmd;C:\Program Files\Docker\Docker\resources\bin;D;D:\putty\;D:\Matlab2018a\runtime\win64;D:\Matlab2018a\bin;F:\LINGO9\;C:\Program Files (x86)\STMicroelectronics\STM32 ST-LINK Utility\ST-LINK Utility;C:\Program Files\CMake\bin;C:\Program Files\NVIDIA Corporation\NVIDIA app\NvDLISR;C:\Program Files\Pandoc\;D:\mingw64\bin;C:\Program Files\NVIDIA Corporation\Nsight Compute 2021.1.0\;C:\Program Files\MySQL\MySQL Shell 8.0\bin\;F:\Anaconda;F:\Anaconda\Library\mingw-w64\bin;F:\Anaconda\Library\usr\bin;F:\Anaconda\Library\bin;F:\Anaconda\Scripts;C:\Users\Admin.DESKTOP-CFKNI18\AppData\Local\Programs\Python\Python38\Scripts\;C:\Users\Admin.DESKTOP-CFKNI18\AppData\Local\Programs\Python\Python38\;C:\Users\Admin.DESKTOP-CFKNI18\AppData\Local\Microsoft\WindowsApps;C:\Program Files (x86)\HP\Common\HPDestPlgIn\;D:\Microsoft VS Code\bin;C:\Users\Admin.DESKTOP-CFKNI18\.dotnet\tools;G:\PyCharm 2023.3.5\bin;;D:\texlive\2017\bin\win32;E:\IntelliJ IDEA Community Edition 2024.3.2\bin;;G:\IntelliJ IDEA 2024.3.3\bin;;D:\Graphviz\bin;C:\Program Files\Java\jre-1.8\bin
JRE paths:	;C:\Program Files\NVIDIA GPU Computing Toolkit\CUDA\v11.3\bin;C:\Program Files\NVIDIA GPU Computing Toolkit\CUDA\v11.3\libnvvp;C:\Program Files\Common Files\Oracle\Java\javapath;C:\Program Files\NVIDIA GPU Computing Toolkit\CUDA\v11.8\bin;C:\Program Files\NVIDIA GPU Computing Toolkit\CUDA\v11.8\libnvvp;C:\Program Files\NVIDIA GPU Computing Toolkit\CUDA\v11.8\lib;C:\Program Files\NVIDIA GPU Computing Toolkit\CUDA\v11.8\include;C:\Program Files\NVIDIA\CUDNN\v9.0\bin;F:\ANC\Scripts;C:\Program Files (x86)\Common Files\Oracle\Java\javapath;D:\VM\bin\;C:\Program Files (x86)\Common Files\Intel\Shared Files\cpp\bin\Intel64;C:\Windows\system32;C:\Windows;C:\Windows\System32\Wbem;C:\Windows\System32\WindowsPowerShell\v1.0\;C:\Windows\System32\OpenSSH\;C:\Program Files\Microsoft SQL Server\150\Tools\Binn\;C:\Program Files (x86)\HP\Common\HPDestPlgIn\;C:\Program Files\Microsoft SQL Server\110\Tools\Binn\;C:\Program Files\Microsoft\Web Platform Installer\;C:\Program Files (x86)\NVIDIA Corporation\PhysX\Common;D:\Microsoft VS Code\mingw64\bin;C:\Program Files\dotnet\;C:\Program Files\Git\cmd;C:\Program Files\Docker\Docker\resources\bin;D;D:\putty\;D:\Matlab2018a\runtime\win64;D:\Matlab2018a\bin;F:\LINGO9\;C:\Program Files (x86)\STMicroelectronics\STM32 ST-LINK Utility\ST-LINK Utility;C:\Program Files\CMake\bin;C:\Program Files\NVIDIA Corporation\NVIDIA app\NvDLISR;C:\Program Files\Pandoc\;D:\mingw64\bin;C:\Program Files\NVIDIA Corporation\Nsight Compute 2021.1.0\;C:\Program Files\MySQL\MySQL Shell 8.0\bin\;F:\Anaconda;F:\Anaconda\Library\mingw-w64\bin;F:\Anaconda\Library\usr\bin;F:\Anaconda\Library\bin;F:\Anaconda\Scripts;C:\Users\Admin.DESKTOP-CFKNI18\AppData\Local\Programs\Python\Python38\Scripts\;C:\Users\Admin.DESKTOP-CFKNI18\AppData\Local\Programs\Python\Python38\;C:\Users\Admin.DESKTOP-CFKNI18\AppData\Local\Microsoft\WindowsApps;C:\Program Files (x86)\HP\Common\HPDestPlgIn\;D:\Microsoft VS Code\bin;C:\Users\Admin.DESKTOP-CFKNI18\.dotnet\tools;G:\PyCharm 2023.3.5\bin;;D:\texlive\2017\bin\win32;E:\IntelliJ IDEA Community Edition 2024.3.2\bin;;G:\IntelliJ IDEA 2024.3.3\bin;;D:\Graphviz\bin;C:\Program Files\Java\jre-1.8\bin
Check launcher:	C:\Program Files\NVIDIA GPU Computing Toolkit\CUDA\v11.3\bin\javaw.exe (not found)
Check launcher:	C:\Program Files\NVIDIA GPU Computing Toolkit\CUDA\v11.3\libnvvp\bin\javaw.exe (not found)
Check launcher:	C:\Program Files\Common Files\Oracle\Java\javapath\bin\javaw.exe (not found)
Check launcher:	C:\Program Files\NVIDIA GPU Computing Toolkit\CUDA\v11.8\bin\javaw.exe (not found)
Check launcher:	C:\Program Files\NVIDIA GPU Computing Toolkit\CUDA\v11.8\libnvvp\bin\javaw.exe (not found)
Check launcher:	C:\Program Files\NVIDIA GPU Computing Toolkit\CUDA\v11.8\lib\bin\javaw.exe (not found)
Check launcher:	C:\Program Files\NVIDIA GPU Computing Toolkit\CUDA\v11.8\include\bin\javaw.exe (not found)
Check launcher:	C:\Program Files\NVIDIA\CUDNN\v9.0\bin\javaw.exe (not found)
Check launcher:	F:\ANC\Scripts\bin\javaw.exe (not found)
Check launcher:	C:\Program Files (x86)\Common Files\Oracle\Java\javapath\bin\javaw.exe (not found)
Check launcher:	D:\VM\bin\bin\javaw.exe (not found)
Check launcher:	C:\Program Files (x86)\Common Files\Intel\Shared Files\cpp\bin\Intel64\bin\javaw.exe (not found)
Check launcher:	C:\Windows\system32\bin\javaw.exe (not found)
Check launcher:	C:\Windows\bin\javaw.exe (not found)
Check launcher:	C:\Windows\System32\Wbem\bin\javaw.exe (not found)
Check launcher:	C:\Windows\System32\WindowsPowerShell\v1.0\bin\javaw.exe (not found)
Check launcher:	C:\Windows\System32\OpenSSH\bin\javaw.exe (not found)
Check launcher:	C:\Program Files\Microsoft SQL Server\150\Tools\Binn\bin\javaw.exe (not found)
Check launcher:	C:\Program Files (x86)\HP\Common\HPDestPlgIn\bin\javaw.exe (not found)
Check launcher:	C:\Program Files\Microsoft SQL Server\110\Tools\Binn\bin\javaw.exe (not found)
Check launcher:	C:\Program Files\Microsoft\Web Platform Installer\bin\javaw.exe (not found)
Check launcher:	C:\Program Files (x86)\NVIDIA Corporation\PhysX\Common\bin\javaw.exe (not found)
Check launcher:	D:\Microsoft VS Code\mingw64\bin\javaw.exe (not found)
Check launcher:	C:\Program Files\dotnet\bin\javaw.exe (not found)
Check launcher:	C:\Program Files\Git\cmd\bin\javaw.exe (not found)
Check launcher:	C:\Program Files\Docker\Docker\resources\bin\javaw.exe (not found)
Check launcher:	D:\bamboo-hole-detection\D\bin\javaw.exe (not found)
Check launcher:	D:\putty\bin\javaw.exe (not found)
Check launcher:	D:\Matlab2018a\runtime\win64\bin\javaw.exe (not found)
Check launcher:	D:\Matlab2018a\bin\javaw.exe (not found)
Check launcher:	F:\LINGO9\bin\javaw.exe (not found)
Check launcher:	C:\Program Files (x86)\STMicroelectronics\STM32 ST-LINK Utility\ST-LINK Utility\bin\javaw.exe (not found)
Check launcher:	C:\Program Files\CMake\bin\javaw.exe (not found)
Check launcher:	C:\Program Files\NVIDIA Corporation\NVIDIA app\NvDLISR\bin\javaw.exe (not found)
Check launcher:	C:\Program Files\Pandoc\bin\javaw.exe (not found)
Check launcher:	D:\mingw64\bin\javaw.exe (not found)
Check launcher:	C:\Program Files\NVIDIA Corporation\Nsight Compute 2021.1.0\bin\javaw.exe (not found)
Check launcher:	C:\Program Files\MySQL\MySQL Shell 8.0\bin\bin\javaw.exe (not found)
Check launcher:	F:\Anaconda\bin\javaw.exe (not found)
Check launcher:	F:\Anaconda\Library\mingw-w64\bin\javaw.exe (not found)
Check launcher:	F:\Anaconda\Library\usr\bin\javaw.exe (not found)
Check launcher:	F:\Anaconda\Library\bin\javaw.exe (not found)
Check launcher:	F:\Anaconda\Scripts\bin\javaw.exe (not found)
Check launcher:	C:\Users\Admin.DESKTOP-CFKNI18\AppData\Local\Programs\Python\Python38\Scripts\bin\javaw.exe (not found)
Check launcher:	C:\Users\Admin.DESKTOP-CFKNI18\AppData\Local\Programs\Python\Python38\bin\javaw.exe (not found)
Check launcher:	C:\Users\Admin.DESKTOP-CFKNI18\AppData\Local\Microsoft\WindowsApps\bin\javaw.exe (not found)
Check launcher:	C:\Program Files (x86)\HP\Common\HPDestPlgIn\bin\javaw.exe (not found)
Check launcher:	D:\Microsoft VS Code\bin\javaw.exe (not found)
Check launcher:	C:\Users\Admin.DESKTOP-CFKNI18\.dotnet\tools\bin\javaw.exe (not found)
Check launcher:	G:\PyCharm 2023.3.5\bin\javaw.exe (not found)
Check launcher:	D:\texlive\2017\bin\win32\bin\javaw.exe (not found)
Check launcher:	E:\IntelliJ IDEA Community Edition 2024.3.2\bin\javaw.exe (not found)
Check launcher:	G:\IntelliJ IDEA 2024.3.3\bin\javaw.exe (not found)
Check launcher:	D:\Graphviz\bin\javaw.exe (not found)
Check launcher:	C:\Program Files\Java\jre-1.8\bin\javaw.exe (OK)
Version string: 1.008.000_401 / 64-Bit (OK)
Launcher:	C:\Program Files\Java\jre-1.8\bin\javaw.exe
Launcher args:	-jar "D:\bamboo-hole-detection\bamboo.exe"
Args length:	42/32768 chars
Exit code:	1


Version:	3.50
CmdLine:	D:\bamboo-hole-detection\bamboo.exe --l4j-debug
JNI:		No
WOW64:		Yes
Requires JDK:	No
Requires 64-Bit: No
Java min ver:	
Java max ver:	
Substitute:	JAVA_HOME = 
Substitute:	PATH = C:\Program Files\NVIDIA GPU Computing Toolkit\CUDA\v11.3\bin;C:\Program Files\NVIDIA GPU Computing Toolkit\CUDA\v11.3\libnvvp;C:\Program Files\Common Files\Oracle\Java\javapath;C:\Program Files\NVIDIA GPU Computing Toolkit\CUDA\v11.8\bin;C:\Program Files\NVIDIA GPU Computing Toolkit\CUDA\v11.8\libnvvp;C:\Program Files\NVIDIA GPU Computing Toolkit\CUDA\v11.8\lib;C:\Program Files\NVIDIA GPU Computing Toolkit\CUDA\v11.8\include;C:\Program Files\NVIDIA\CUDNN\v9.0\bin;F:\ANC\Scripts;C:\Program Files (x86)\Common Files\Oracle\Java\javapath;D:\VM\bin\;C:\Program Files (x86)\Common Files\Intel\Shared Files\cpp\bin\Intel64;C:\Windows\system32;C:\Windows;C:\Windows\System32\Wbem;C:\Windows\System32\WindowsPowerShell\v1.0\;C:\Windows\System32\OpenSSH\;C:\Program Files\Microsoft SQL Server\150\Tools\Binn\;C:\Program Files (x86)\HP\Common\HPDestPlgIn\;C:\Program Files\Microsoft SQL Server\110\Tools\Binn\;C:\Program Files\Microsoft\Web Platform Installer\;C:\Program Files (x86)\NVIDIA Corporation\PhysX\Common;D:\Microsoft VS Code\mingw64\bin;C:\Program Files\dotnet\;C:\Program Files\Git\cmd;C:\Program Files\Docker\Docker\resources\bin;D;D:\putty\;D:\Matlab2018a\runtime\win64;D:\Matlab2018a\bin;F:\LINGO9\;C:\Program Files (x86)\STMicroelectronics\STM32 ST-LINK Utility\ST-LINK Utility;C:\Program Files\CMake\bin;C:\Program Files\NVIDIA Corporation\NVIDIA app\NvDLISR;C:\Program Files\Pandoc\;D:\mingw64\bin;C:\Program Files\NVIDIA Corporation\Nsight Compute 2021.1.0\;C:\Program Files\MySQL\MySQL Shell 8.0\bin\;F:\Anaconda;F:\Anaconda\Library\mingw-w64\bin;F:\Anaconda\Library\usr\bin;F:\Anaconda\Library\bin;F:\Anaconda\Scripts;C:\Users\Admin.DESKTOP-CFKNI18\AppData\Local\Programs\Python\Python38\Scripts\;C:\Users\Admin.DESKTOP-CFKNI18\AppData\Local\Programs\Python\Python38\;C:\Users\Admin.DESKTOP-CFKNI18\AppData\Local\Microsoft\WindowsApps;C:\Program Files (x86)\HP\Common\HPDestPlgIn\;D:\Microsoft VS Code\bin;C:\Users\Admin.DESKTOP-CFKNI18\.dotnet\tools;G:\PyCharm 2023.3.5\bin;;D:\texlive\2017\bin\win32;E:\IntelliJ IDEA Community Edition 2024.3.2\bin;;G:\IntelliJ IDEA 2024.3.3\bin;;D:\Graphviz\bin;C:\Program Files\Java\jre-1.8\bin
JRE paths:	;C:\Program Files\NVIDIA GPU Computing Toolkit\CUDA\v11.3\bin;C:\Program Files\NVIDIA GPU Computing Toolkit\CUDA\v11.3\libnvvp;C:\Program Files\Common Files\Oracle\Java\javapath;C:\Program Files\NVIDIA GPU Computing Toolkit\CUDA\v11.8\bin;C:\Program Files\NVIDIA GPU Computing Toolkit\CUDA\v11.8\libnvvp;C:\Program Files\NVIDIA GPU Computing Toolkit\CUDA\v11.8\lib;C:\Program Files\NVIDIA GPU Computing Toolkit\CUDA\v11.8\include;C:\Program Files\NVIDIA\CUDNN\v9.0\bin;F:\ANC\Scripts;C:\Program Files (x86)\Common Files\Oracle\Java\javapath;D:\VM\bin\;C:\Program Files (x86)\Common Files\Intel\Shared Files\cpp\bin\Intel64;C:\Windows\system32;C:\Windows;C:\Windows\System32\Wbem;C:\Windows\System32\WindowsPowerShell\v1.0\;C:\Windows\System32\OpenSSH\;C:\Program Files\Microsoft SQL Server\150\Tools\Binn\;C:\Program Files (x86)\HP\Common\HPDestPlgIn\;C:\Program Files\Microsoft SQL Server\110\Tools\Binn\;C:\Program Files\Microsoft\Web Platform Installer\;C:\Program Files (x86)\NVIDIA Corporation\PhysX\Common;D:\Microsoft VS Code\mingw64\bin;C:\Program Files\dotnet\;C:\Program Files\Git\cmd;C:\Program Files\Docker\Docker\resources\bin;D;D:\putty\;D:\Matlab2018a\runtime\win64;D:\Matlab2018a\bin;F:\LINGO9\;C:\Program Files (x86)\STMicroelectronics\STM32 ST-LINK Utility\ST-LINK Utility;C:\Program Files\CMake\bin;C:\Program Files\NVIDIA Corporation\NVIDIA app\NvDLISR;C:\Program Files\Pandoc\;D:\mingw64\bin;C:\Program Files\NVIDIA Corporation\Nsight Compute 2021.1.0\;C:\Program Files\MySQL\MySQL Shell 8.0\bin\;F:\Anaconda;F:\Anaconda\Library\mingw-w64\bin;F:\Anaconda\Library\usr\bin;F:\Anaconda\Library\bin;F:\Anaconda\Scripts;C:\Users\Admin.DESKTOP-CFKNI18\AppData\Local\Programs\Python\Python38\Scripts\;C:\Users\Admin.DESKTOP-CFKNI18\AppData\Local\Programs\Python\Python38\;C:\Users\Admin.DESKTOP-CFKNI18\AppData\Local\Microsoft\WindowsApps;C:\Program Files (x86)\HP\Common\HPDestPlgIn\;D:\Microsoft VS Code\bin;C:\Users\Admin.DESKTOP-CFKNI18\.dotnet\tools;G:\PyCharm 2023.3.5\bin;;D:\texlive\2017\bin\win32;E:\IntelliJ IDEA Community Edition 2024.3.2\bin;;G:\IntelliJ IDEA 2024.3.3\bin;;D:\Graphviz\bin;C:\Program Files\Java\jre-1.8\bin
Check launcher:	C:\Program Files\NVIDIA GPU Computing Toolkit\CUDA\v11.3\bin\javaw.exe (not found)
Check launcher:	C:\Program Files\NVIDIA GPU Computing Toolkit\CUDA\v11.3\libnvvp\bin\javaw.exe (not found)
Check launcher:	C:\Program Files\Common Files\Oracle\Java\javapath\bin\javaw.exe (not found)
Check launcher:	C:\Program Files\NVIDIA GPU Computing Toolkit\CUDA\v11.8\bin\javaw.exe (not found)
Check launcher:	C:\Program Files\NVIDIA GPU Computing Toolkit\CUDA\v11.8\libnvvp\bin\javaw.exe (not found)
Check launcher:	C:\Program Files\NVIDIA GPU Computing Toolkit\CUDA\v11.8\lib\bin\javaw.exe (not found)
Check launcher:	C:\Program Files\NVIDIA GPU Computing Toolkit\CUDA\v11.8\include\bin\javaw.exe (not found)
Check launcher:	C:\Program Files\NVIDIA\CUDNN\v9.0\bin\javaw.exe (not found)
Check launcher:	F:\ANC\Scripts\bin\javaw.exe (not found)
Check launcher:	C:\Program Files (x86)\Common Files\Oracle\Java\javapath\bin\javaw.exe (not found)
Check launcher:	D:\VM\bin\bin\javaw.exe (not found)
Check launcher:	C:\Program Files (x86)\Common Files\Intel\Shared Files\cpp\bin\Intel64\bin\javaw.exe (not found)
Check launcher:	C:\Windows\system32\bin\javaw.exe (not found)
Check launcher:	C:\Windows\bin\javaw.exe (not found)
Check launcher:	C:\Windows\System32\Wbem\bin\javaw.exe (not found)
Check launcher:	C:\Windows\System32\WindowsPowerShell\v1.0\bin\javaw.exe (not found)
Check launcher:	C:\Windows\System32\OpenSSH\bin\javaw.exe (not found)
Check launcher:	C:\Program Files\Microsoft SQL Server\150\Tools\Binn\bin\javaw.exe (not found)
Check launcher:	C:\Program Files (x86)\HP\Common\HPDestPlgIn\bin\javaw.exe (not found)
Check launcher:	C:\Program Files\Microsoft SQL Server\110\Tools\Binn\bin\javaw.exe (not found)
Check launcher:	C:\Program Files\Microsoft\Web Platform Installer\bin\javaw.exe (not found)
Check launcher:	C:\Program Files (x86)\NVIDIA Corporation\PhysX\Common\bin\javaw.exe (not found)
Check launcher:	D:\Microsoft VS Code\mingw64\bin\javaw.exe (not found)
Check launcher:	C:\Program Files\dotnet\bin\javaw.exe (not found)
Check launcher:	C:\Program Files\Git\cmd\bin\javaw.exe (not found)
Check launcher:	C:\Program Files\Docker\Docker\resources\bin\javaw.exe (not found)
Check launcher:	D:\bamboo-hole-detection\D\bin\javaw.exe (not found)
Check launcher:	D:\putty\bin\javaw.exe (not found)
Check launcher:	D:\Matlab2018a\runtime\win64\bin\javaw.exe (not found)
Check launcher:	D:\Matlab2018a\bin\javaw.exe (not found)
Check launcher:	F:\LINGO9\bin\javaw.exe (not found)
Check launcher:	C:\Program Files (x86)\STMicroelectronics\STM32 ST-LINK Utility\ST-LINK Utility\bin\javaw.exe (not found)
Check launcher:	C:\Program Files\CMake\bin\javaw.exe (not found)
Check launcher:	C:\Program Files\NVIDIA Corporation\NVIDIA app\NvDLISR\bin\javaw.exe (not found)
Check launcher:	C:\Program Files\Pandoc\bin\javaw.exe (not found)
Check launcher:	D:\mingw64\bin\javaw.exe (not found)
Check launcher:	C:\Program Files\NVIDIA Corporation\Nsight Compute 2021.1.0\bin\javaw.exe (not found)
Check launcher:	C:\Program Files\MySQL\MySQL Shell 8.0\bin\bin\javaw.exe (not found)
Check launcher:	F:\Anaconda\bin\javaw.exe (not found)
Check launcher:	F:\Anaconda\Library\mingw-w64\bin\javaw.exe (not found)
Check launcher:	F:\Anaconda\Library\usr\bin\javaw.exe (not found)
Check launcher:	F:\Anaconda\Library\bin\javaw.exe (not found)
Check launcher:	F:\Anaconda\Scripts\bin\javaw.exe (not found)
Check launcher:	C:\Users\Admin.DESKTOP-CFKNI18\AppData\Local\Programs\Python\Python38\Scripts\bin\javaw.exe (not found)
Check launcher:	C:\Users\Admin.DESKTOP-CFKNI18\AppData\Local\Programs\Python\Python38\bin\javaw.exe (not found)
Check launcher:	C:\Users\Admin.DESKTOP-CFKNI18\AppData\Local\Microsoft\WindowsApps\bin\javaw.exe (not found)
Check launcher:	C:\Program Files (x86)\HP\Common\HPDestPlgIn\bin\javaw.exe (not found)
Check launcher:	D:\Microsoft VS Code\bin\javaw.exe (not found)
Check launcher:	C:\Users\Admin.DESKTOP-CFKNI18\.dotnet\tools\bin\javaw.exe (not found)
Check launcher:	G:\PyCharm 2023.3.5\bin\javaw.exe (not found)
Check launcher:	D:\texlive\2017\bin\win32\bin\javaw.exe (not found)
Check launcher:	E:\IntelliJ IDEA Community Edition 2024.3.2\bin\javaw.exe (not found)
Check launcher:	G:\IntelliJ IDEA 2024.3.3\bin\javaw.exe (not found)
Check launcher:	D:\Graphviz\bin\javaw.exe (not found)
Check launcher:	C:\Program Files\Java\jre-1.8\bin\javaw.exe (OK)
Version string: 1.008.000_401 / 64-Bit (OK)
Launcher:	C:\Program Files\Java\jre-1.8\bin\javaw.exe
Launcher args:	-jar "D:\bamboo-hole-detection\bamboo.exe"
Args length:	42/32768 chars
Exit code:	1
